TN:
SF:routes/functions/encryptPassword.js
FN:4,encryptPassword
FN:7,(anonymous_1)
FNF:2
FNH:1
FNDA:2,encryptPassword
FNDA:0,(anonymous_1)
DA:1,1
DA:2,1
DA:5,2
DA:8,0
DA:11,2
DA:14,1
LF:6
LH:5
BRF:0
BRH:0
end_of_record
TN:
SF:routes/functions/formatDate.js
FN:2,formatDate
FNF:1
FNH:1
FNDA:1,formatDate
DA:4,1
DA:6,1
DA:9,1
DA:12,1
LF:4
LH:4
BRF:0
BRH:0
end_of_record
TN:
SF:routes/functions/validatePassword.js
FN:3,validatePassword
FNF:1
FNH:0
FNDA:0,validatePassword
DA:1,1
DA:4,0
DA:6,0
DA:9,1
LF:4
LH:2
BRF:0
BRH:0
end_of_record
